c:\_2022___\_rabota__hh__source__my\searchtextinfile\searchtextinfile\x64\debug\vc143.pdb
c:\_2022___\_rabota__hh__source__my\searchtextinfile\searchtextinfile\x64\debug\vc143.idb
c:\_2022___\_rabota__hh__source__my\searchtextinfile\searchtextinfile\x64\debug\workerthread.obj
c:\_2022___\_rabota__hh__source__my\searchtextinfile\searchtextinfile\x64\debug\searchtextinfile.obj
c:\_2022___\_rabota__hh__source__my\searchtextinfile\searchtextinfile\x64\debug\main.obj
c:\_2022___\_rabota__hh__source__my\searchtextinfile\searchtextinfile\x64\debug\getworkstroki.obj
c:\_2022___\_rabota__hh__source__my\searchtextinfile\searchtextinfile\x64\debug\fault.obj
c:\_2022___\_rabota__hh__source__my\searchtextinfile\x64\debug\searchtextinfile.exe
c:\_2022___\_rabota__hh__source__my\searchtextinfile\searchtextinfile\x64\debug\searchtextinfile.ilk
c:\_2022___\_rabota__hh__source__my\searchtextinfile\x64\debug\searchtextinfile.pdb
c:\_2022___\_rabota__hh__source__my\searchtextinfile\searchtextinfile\x64\debug\searchtextinfile.vcxproj.cppwinrt_comp.rsp
c:\_2022___\_rabota__hh__source__my\searchtextinfile\searchtextinfile\x64\debug\searchtextinfile.vcxproj.cppwinrt_plat.rsp
c:\_2022___\_rabota__hh__source__my\searchtextinfile\searchtextinfile\x64\debug\searchtextinfile.vcxproj.mdmerge.rsp
c:\_2022___\_rabota__hh__source__my\searchtextinfile\searchtextinfile\x64\debug\searchtextinfile.vcxproj.midlrt.rsp
c:\_2022___\_rabota__hh__source__my\searchtextinfile\searchtextinfile\x64\debug\searchtextinfile.tlog\cl.command.1.tlog
c:\_2022___\_rabota__hh__source__my\searchtextinfile\searchtextinfile\x64\debug\searchtextinfile.tlog\cl.read.1.tlog
c:\_2022___\_rabota__hh__source__my\searchtextinfile\searchtextinfile\x64\debug\searchtextinfile.tlog\cl.write.1.tlog
c:\_2022___\_rabota__hh__source__my\searchtextinfile\searchtextinfile\x64\debug\searchtextinfile.tlog\link.command.1.tlog
c:\_2022___\_rabota__hh__source__my\searchtextinfile\searchtextinfile\x64\debug\searchtextinfile.tlog\link.read.1.tlog
c:\_2022___\_rabota__hh__source__my\searchtextinfile\searchtextinfile\x64\debug\searchtextinfile.tlog\link.write.1.tlog
